<?xml version="1.0" encoding="UTF-8"?>
<!-- Generated by org.testng.reporters.JUnitReportReporter -->
<testsuite skipped="0" hostname="SYS" name="test.TestandValidate" tests="1" failures="0" timestamp="30 Sep 2019 01:53:27 GMT" time="23.188" errors="0">
  <testcase name="user_should_be_able_to_add_category" time="23.188" classname="test.TestandValidate"/>
</testsuite> <!-- test.TestandValidate -->
